[debug] [2022-06-13T18:34:36.484Z] ----------------------------------------------------------------------
[debug] [2022-06-13T18:34:36.487Z] Command:       C:\Program Files\nodejs\node.exe C:\Users\hp\AppData\Roaming\npm\node_modules\firebase-tools\lib\bin\firebase.js deploy
[debug] [2022-06-13T18:34:36.488Z] CLI Version:   11.0.1
[debug] [2022-06-13T18:34:36.488Z] Platform:      win32
[debug] [2022-06-13T18:34:36.488Z] Node Version:  v16.15.1
[debug] [2022-06-13T18:34:36.490Z] Time:          Tue Jun 14 2022 00:34:36 GMT+0600 (Bangladesh Standard Time)
[debug] [2022-06-13T18:34:36.490Z] ----------------------------------------------------------------------
[debug] 
[debug] [2022-06-13T18:34:36.600Z] > command requires scopes: ["email","openid","https://www.googleapis.com/auth/cloudplatformprojects.readonly","https://www.googleapis.com/auth/firebase","https://www.googleapis.com/auth/cloud-platform"]
[debug] [2022-06-13T18:34:36.601Z] > authorizing via signed-in user (sadman.sakib787@gmail.com)
[debug] [2022-06-13T18:34:36.601Z] [iam] checking project my-bike-service for permissions ["firebase.projects.get","firebasehosting.sites.update"]
[debug] [2022-06-13T18:34:36.603Z] > refreshing access token with scopes: []
[debug] [2022-06-13T18:34:36.604Z] >>> HTTP REQUEST POST https://www.googleapis.com/oauth2/v3/token  
 <request body omitted>
[debug] [2022-06-13T18:34:36.846Z] <<< HTTP RESPONSE 400 {"pragma":"no-cache","date":"Mon, 13 Jun 2022 18:34:37 GMT","cache-control":"no-cache, no-store, max-age=0, must-revalidate","expires":"Mon, 01 Jan 1990 00:00:00 GMT","content-type":"application/json; charset=utf-8","vary":"X-Origin, Referer, Origin,Accept-Encoding","server":"scaffolding on HTTPServer2","x-xss-protection":"0","x-frame-options":"SAMEORIGIN","x-content-type-options":"nosniff","alt-svc":"h3=\":443\"; ma=2592000,h3-29=\":443\"; ma=2592000,h3-Q050=\":443\"; ma=2592000,h3-Q046=\":443\"; ma=2592000,h3-Q043=\":443\"; ma=2592000,quic=\":443\"; ma=2592000; v=\"46,43\"","accept-ranges":"none","transfer-encoding":"chunked"}
[debug] [2022-06-13T18:34:36.851Z] >>> [apiv2][query] POST https://cloudresourcemanager.googleapis.com/v1/projects/my-bike-service:testIamPermissions [none]
[debug] [2022-06-13T18:34:36.851Z] >>> [apiv2][body] POST https://cloudresourcemanager.googleapis.com/v1/projects/my-bike-service:testIamPermissions {"permissions":["firebase.projects.get","firebasehosting.sites.update"]}
[debug] [2022-06-13T18:34:38.179Z] <<< [apiv2][status] POST https://cloudresourcemanager.googleapis.com/v1/projects/my-bike-service:testIamPermissions 401
[debug] [2022-06-13T18:34:38.180Z] <<< [apiv2][body] POST https://cloudresourcemanager.googleapis.com/v1/projects/my-bike-service:testIamPermissions {"error":{"code":401,"message":"Request had invalid authentication credentials. Expected OAuth 2 access token, login cookie or other valid authentication credential. See https://developers.google.com/identity/sign-in/web/devconsole-project.","status":"UNAUTHENTICATED","details":[{"@type":"type.googleapis.com/google.rpc.ErrorInfo","reason":"ACCESS_TOKEN_TYPE_UNSUPPORTED","metadata":{"service":"cloudresourcemanager.googleapis.com","method":"google.cloudresourcemanager.v1.Projects.TestIamPermissions"}}]}}
[debug] [2022-06-13T18:34:38.181Z] [iam] error while checking permissions, command may fail: FirebaseError: HTTP Error: 401, Request had invalid authentication credentials. Expected OAuth 2 access token, login cookie or other valid authentication credential. See https://developers.google.com/identity/sign-in/web/devconsole-project.
[debug] [2022-06-13T18:34:38.182Z] > refreshing access token with scopes: []
[debug] [2022-06-13T18:34:38.182Z] >>> HTTP REQUEST POST https://www.googleapis.com/oauth2/v3/token  
 <request body omitted>
[debug] [2022-06-13T18:34:38.359Z] <<< HTTP RESPONSE 400 {"cache-control":"no-cache, no-store, max-age=0, must-revalidate","pragma":"no-cache","date":"Mon, 13 Jun 2022 18:34:38 GMT","expires":"Mon, 01 Jan 1990 00:00:00 GMT","content-type":"application/json; charset=utf-8","vary":"X-Origin, Referer, Origin,Accept-Encoding","server":"scaffolding on HTTPServer2","x-xss-protection":"0","x-frame-options":"SAMEORIGIN","x-content-type-options":"nosniff","alt-svc":"h3=\":443\"; ma=2592000,h3-29=\":443\"; ma=2592000,h3-Q050=\":443\"; ma=2592000,h3-Q046=\":443\"; ma=2592000,h3-Q043=\":443\"; ma=2592000,quic=\":443\"; ma=2592000; v=\"46,43\"","accept-ranges":"none","transfer-encoding":"chunked"}
[debug] [2022-06-13T18:34:38.360Z] >>> [apiv2][query] GET https://firebase.googleapis.com/v1beta1/projects/my-bike-service [none]
[debug] [2022-06-13T18:34:38.823Z] <<< [apiv2][status] GET https://firebase.googleapis.com/v1beta1/projects/my-bike-service 401
[debug] [2022-06-13T18:34:38.823Z] <<< [apiv2][body] GET https://firebase.googleapis.com/v1beta1/projects/my-bike-service {"error":{"code":401,"message":"Request had invalid authentication credentials. Expected OAuth 2 access token, login cookie or other valid authentication credential. See https://developers.google.com/identity/sign-in/web/devconsole-project.","status":"UNAUTHENTICATED"}}
[debug] [2022-06-13T18:34:38.823Z] HTTP Error: 401, Request had invalid authentication credentials. Expected OAuth 2 access token, login cookie or other valid authentication credential. See https://developers.google.com/identity/sign-in/web/devconsole-project.
[debug] [2022-06-13T18:34:38.989Z] FirebaseError: HTTP Error: 401, Request had invalid authentication credentials. Expected OAuth 2 access token, login cookie or other valid authentication credential. See https://developers.google.com/identity/sign-in/web/devconsole-project.
    at module.exports (C:\Users\hp\AppData\Roaming\npm\node_modules\firebase-tools\lib\responseToError.js:47:12)
    at RetryOperation._fn (C:\Users\hp\AppData\Roaming\npm\node_modules\firebase-tools\lib\apiv2.js:286:39)
    at processTicksAndRejections (node:internal/process/task_queues:96:5)
[error] 
[error] Error: Failed to get Firebase project my-bike-service. Please make sure the project exists and your account has permission to access it.
